SUMMARY OF C0NVERGENCE INFORMATION
  STEP   INC  ATT   ITER     CONT.   RESID.        CORR.      RESID.      CORR.
                              EL.    FORCE         DISP       FLUX        TEMP.
                              (#)     (%)           (%)        (%)         (%)
     1     1     1     1        0  0.1125E+02  0.1000E+03  0.0000E+00  0.0000E+00
     1     1     1     2        0  0.0000E+00  0.2681E+00  0.0000E+00  0.0000E+00
     1     2     1     1        0  0.2665E+02  0.4075E+02  0.0000E+00  0.0000E+00
     1     2     1     2        0  0.1145E-02  0.3384E+00  0.0000E+00  0.0000E+00
     1     3     1     1        0  0.6460E+01  0.3019E+02  0.0000E+00  0.0000E+00
     1     3     1     2        0  0.0000E+00  0.1241E+00  0.0000E+00  0.0000E+00
     1     4     1     1        0  0.3092E+01  0.2147E+02  0.0000E+00  0.0000E+00
     1     4     1     2        0  0.0000E+00  0.3694E-01  0.0000E+00  0.0000E+00
     1     5     1     1        0  0.5373E+01  0.2010E+02  0.0000E+00  0.0000E+00
     1     5     1     2        0  0.0000E+00  0.7744E-01  0.0000E+00  0.0000E+00
     1     6     1     1        0  0.5901E+01  0.2242E+02  0.0000E+00  0.0000E+00
     1     6     1     2        0  0.0000E+00  0.7628E-01  0.0000E+00  0.0000E+00
     1     7     1     1        0  0.1684E+01  0.8986E+01  0.0000E+00  0.0000E+00
     1     7     1     2        0  0.0000E+00  0.1989E-01  0.0000E+00  0.0000E+00
     1     8     1     1        0  0.9141E+00  0.1081E+02  0.0000E+00  0.0000E+00
     1     8     1     2        0  0.0000E+00  0.1502E-01  0.0000E+00  0.0000E+00
     1     9     1     1        0  0.1904E+01  0.1161E+02  0.0000E+00  0.0000E+00
     1     9     1     2        0  0.0000E+00  0.2635E-01  0.0000E+00  0.0000E+00
     1    10     1     1        0  0.1839E+01  0.7261E+01  0.0000E+00  0.0000E+00
     1    10     1     2        0  0.0000E+00  0.2129E-01  0.0000E+00  0.0000E+00
     1    11     1     1        0  0.7915E+00  0.7081E+01  0.0000E+00  0.0000E+00
     1    11     1     2        0  0.0000E+00  0.9060E-02  0.0000E+00  0.0000E+00
     1    12     1     1        0  0.5785E+00  0.7042E+01  0.0000E+00  0.0000E+00
     1    12     1     2        0  0.0000E+00  0.7661E-02  0.0000E+00  0.0000E+00
     1    13     1     1        0  0.8744E+00  0.6033E+01  0.0000E+00  0.0000E+00
     1    13     1     2        0  0.0000E+00  0.8451E-02  0.0000E+00  0.0000E+00
     1    14     1     1        0  0.6735E+00  0.5915E+01  0.0000E+00  0.0000E+00
     1    14     1     2        0  0.0000E+00  0.7320E-02  0.0000E+00  0.0000E+00
     1    15     1     1        0  0.7078E+00  0.4568E+01  0.0000E+00  0.0000E+00
     1    15     1     2        0  0.0000E+00  0.8639E-02  0.0000E+00  0.0000E+00
     1    16     1     1        0  0.2474E+00  0.3672E+01  0.0000E+00  0.0000E+00
     1    16     1     2        0  0.0000E+00  0.2718E-02  0.0000E+00  0.0000E+00
     1    17     1     1        0  0.7165E+00  0.5198E+01  0.0000E+00  0.0000E+00
     1    17     1     2        0  0.0000E+00  0.6548E-02  0.0000E+00  0.0000E+00
     1    18     1     1        0  0.2479E+00  0.2900E+01  0.0000E+00  0.0000E+00
     1    18     1     2        0  0.0000E+00  0.2792E-02  0.0000E+00  0.0000E+00
     1    19     1     1        0  0.2361E+00  0.3713E+01  0.0000E+00  0.0000E+00
     1    19     1     2        0  0.0000E+00  0.2348E-02  0.0000E+00  0.0000E+00
     1    20     1     1        0  0.2421E+00  0.3989E+01  0.0000E+00  0.0000E+00
     1    20     1     2        0  0.0000E+00  0.2777E-02  0.0000E+00  0.0000E+00
     1    21     1     1        0  0.4168E+00  0.2811E+01  0.0000E+00  0.0000E+00
     1    21     1     2        0  0.0000E+00  0.3678E-02  0.0000E+00  0.0000E+00
     1    22     1     1        0  0.1509E+00  0.3045E+01  0.0000E+00  0.0000E+00
     1    22     1     2        0  0.0000E+00  0.1458E-02  0.0000E+00  0.0000E+00
     1    23     1     1        0  0.1377E+00  0.3288E+01  0.0000E+00  0.0000E+00
     1    23     1     2        0  0.0000E+00  0.2233E-02  0.0000E+00  0.0000E+00
     1    24     1     1        0  0.2082E+00  0.2149E+01  0.0000E+00  0.0000E+00
     1    24     1     2        0  0.0000E+00  0.2032E-02  0.0000E+00  0.0000E+00
     1    25     1     1        0  0.1579E+00  0.2491E+01  0.0000E+00  0.0000E+00
     1    25     1     2        0  0.0000E+00  0.1217E-02  0.0000E+00  0.0000E+00
     1    26     1     1        0  0.1164E+00  0.2210E+01  0.0000E+00  0.0000E+00
     1    26     1     2        0  0.0000E+00  0.1042E-02  0.0000E+00  0.0000E+00
     1    27     1     1        0  0.7131E-01  0.1797E+01  0.0000E+00  0.0000E+00
     1    27     1     2        0  0.0000E+00  0.6643E-03  0.0000E+00  0.0000E+00
     1    28     1     1        0  0.1778E+00  0.2732E+01  0.0000E+00  0.0000E+00
     1    28     1     2        0  0.0000E+00  0.1604E-02  0.0000E+00  0.0000E+00
     1    29     1     1        0  0.5924E-01  0.1911E+01  0.0000E+00  0.0000E+00
     1    29     1     2        0  0.0000E+00  0.6732E-03  0.0000E+00  0.0000E+00
     1    30     1     1        0  0.7345E-01  0.2401E+01  0.0000E+00  0.0000E+00
     1    30     1     2        0  0.0000E+00  0.6843E-03  0.0000E+00  0.0000E+00
     1    31     1     1        0  0.7458E-01  0.2287E+01  0.0000E+00  0.0000E+00
     1    31     1     2        0  0.0000E+00  0.4646E-03  0.0000E+00  0.0000E+00
     1    32     1     1        0  0.1077E+00  0.2208E+01  0.0000E+00  0.0000E+00
     1    32     1     2        0  0.0000E+00  0.1005E-02  0.0000E+00  0.0000E+00
     1    33     1     1        0  0.2472E-01  0.1516E+01  0.0000E+00  0.0000E+00
     1    33     1     2        0  0.0000E+00  0.2734E-03  0.0000E+00  0.0000E+00
     1    34     1     1        0  0.5177E-01  0.1837E+01  0.0000E+00  0.0000E+00
     1    34     1     2        0  0.0000E+00  0.5322E-03  0.0000E+00  0.0000E+00
     1    35     1     1        0  0.2662E-01  0.1220E+01  0.0000E+00  0.0000E+00
     1    35     1     2        0  0.0000E+00  0.2949E-03  0.0000E+00  0.0000E+00
     1    36     1     1        0  0.6958E-01  0.1639E+01  0.0000E+00  0.0000E+00
     1    36     1     2        0  0.0000E+00  0.6324E-03  0.0000E+00  0.0000E+00
     1    37     1     1        0  0.2186E-01  0.1495E+01  0.0000E+00  0.0000E+00
     1    37     1     2        0  0.0000E+00  0.2647E-03  0.0000E+00  0.0000E+00
     1    38     1     1        0  0.2457E-01  0.9999E+00  0.0000E+00  0.0000E+00
     1    38     1     2        0  0.0000E+00  0.2606E-03  0.0000E+00  0.0000E+00
     1    39     1     1        0  0.3125E-01  0.1210E+01  0.0000E+00  0.0000E+00
     1    39     1     2        0  0.0000E+00  0.3044E-03  0.0000E+00  0.0000E+00
     1    40     1     1        0  0.2943E-01  0.1272E+01  0.0000E+00  0.0000E+00
     1    40     1     2        0  0.0000E+00  0.3073E-03  0.0000E+00  0.0000E+00
     1    41     1     1        0  0.3451E-01  0.1423E+01  0.0000E+00  0.0000E+00
     1    41     1     2        0  0.0000E+00  0.3490E-03  0.0000E+00  0.0000E+00
     1    42     1     1        0  0.1364E-01  0.1095E+01  0.0000E+00  0.0000E+00
     1    42     1     2        0  0.0000E+00  0.1288E-03  0.0000E+00  0.0000E+00
     1    43     1     1        0  0.4302E-01  0.1421E+01  0.0000E+00  0.0000E+00
     1    43     1     2        0  0.0000E+00  0.4165E-03  0.0000E+00  0.0000E+00
     1    44     1     1        0  0.8986E-02  0.1211E+01  0.0000E+00  0.0000E+00
     1    44     1     2        0  0.0000E+00  0.1014E-03  0.0000E+00  0.0000E+00
     1    45     1     1        0  0.2143E-01  0.1467E+01  0.0000E+00  0.0000E+00
     1    45     1     2        0  0.0000E+00  0.2442E-03  0.0000E+00  0.0000E+00
     1    46     1     1        0  0.1093E-01  0.1360E+01  0.0000E+00  0.0000E+00
     1    46     1     2        0  0.0000E+00  0.1308E-03  0.0000E+00  0.0000E+00
     1    47     1     1        0  0.2077E-01  0.1473E+01  0.0000E+00  0.0000E+00
     1    47     1     2        0  0.0000E+00  0.2269E-03  0.0000E+00  0.0000E+00
     1    48     1     1        0  0.1134E-01  0.1365E+01  0.0000E+00  0.0000E+00
     1    48     1     2        0  0.0000E+00  0.1380E-03  0.0000E+00  0.0000E+00
     1    49     1     1        0  0.1295E-01  0.1365E+01  0.0000E+00  0.0000E+00
     1    49     1     2        0  0.0000E+00  0.1638E-03  0.0000E+00  0.0000E+00
     1    50     1     1        0  0.1474E-01  0.1364E+01  0.0000E+00  0.0000E+00
     1    50     1     2        0  0.0000E+00  0.1228E-03  0.0000E+00  0.0000E+00
     1    51     1     1        0  0.1367E-01  0.1413E+01  0.0000E+00  0.0000E+00
     1    51     1     2        0  0.0000E+00  0.1544E-03  0.0000E+00  0.0000E+00
     1    52     1     1        0  0.1379E-01  0.1253E+01  0.0000E+00  0.0000E+00
     1    52     1     2        0  0.0000E+00  0.1001E-03  0.0000E+00  0.0000E+00
     1    53     1     1        0  0.9490E-02  0.1212E+01  0.0000E+00  0.0000E+00
     1    53     1     2        0  0.0000E+00  0.9554E-04  0.0000E+00  0.0000E+00
     1    54     1     1        0  0.1282E-01  0.1146E+01  0.0000E+00  0.0000E+00
     1    54     1     2        0  0.0000E+00  0.7316E-04  0.0000E+00  0.0000E+00
     1    55     1     1        0  0.7198E-02  0.1236E+01  0.0000E+00  0.0000E+00
     1    55     1     2        0  0.0000E+00  0.7535E-04  0.0000E+00  0.0000E+00
     1    56     1     1        0  0.7532E-02  0.1070E+01  0.0000E+00  0.0000E+00
     1    56     1     2        0  0.0000E+00  0.6965E-04  0.0000E+00  0.0000E+00
     1    57     1     1        0  0.5199E-02  0.1067E+01  0.0000E+00  0.0000E+00
     1    57     1     2        0  0.0000E+00  0.6707E-04  0.0000E+00  0.0000E+00
     1    58     1     1        0  0.1105E-01  0.9387E+00  0.0000E+00  0.0000E+00
     1    58     1     2        0  0.0000E+00  0.5807E-04  0.0000E+00  0.0000E+00
     1    59     1     1        0  0.7063E-02  0.1009E+01  0.0000E+00  0.0000E+00
     1    59     1     2        0  0.0000E+00  0.4816E-04  0.0000E+00  0.0000E+00
     1    60     1     1        0  0.3981E-02  0.8580E+00  0.0000E+00  0.0000E+00
     1    60     1     2        0  0.0000E+00  0.4305E-04  0.0000E+00  0.0000E+00
     1    61     1     1        0  0.1049E-01  0.9406E+00  0.0000E+00  0.0000E+00
     1    61     1     2        0  0.0000E+00  0.8425E-04  0.0000E+00  0.0000E+00
     1    62     1     1        0  0.6137E-02  0.7795E+00  0.0000E+00  0.0000E+00
     1    62     1     2        0  0.0000E+00  0.7112E-04  0.0000E+00  0.0000E+00
     1    63     1     1        0  0.6096E-02  0.8304E+00  0.0000E+00  0.0000E+00
     1    63     1     2        0  0.0000E+00  0.6462E-04  0.0000E+00  0.0000E+00
     1    64     1     1        0  0.4882E-02  0.6708E+00  0.0000E+00  0.0000E+00
     1    64     1     2        0  0.0000E+00  0.4327E-04  0.0000E+00  0.0000E+00
     1    65     1     1        0  0.3909E-02  0.8374E+00  0.0000E+00  0.0000E+00
     1    65     1     2        0  0.0000E+00  0.6325E-04  0.0000E+00  0.0000E+00
     1    66     1     1        0  0.3537E-02  0.6904E+00  0.0000E+00  0.0000E+00
     1    66     1     2        0  0.0000E+00  0.2757E-04  0.0000E+00  0.0000E+00
     1    67     1     1        0  0.3967E-02  0.7999E+00  0.0000E+00  0.0000E+00
     1    67     1     2        0  0.0000E+00  0.5787E-04  0.0000E+00  0.0000E+00
     1    68     1     1        0  0.5680E-02  0.6964E+00  0.0000E+00  0.0000E+00
     1    68     1     2        0  0.0000E+00  0.4199E-04  0.0000E+00  0.0000E+00
     1    69     1     1        0  0.5945E-02  0.6872E+00  0.0000E+00  0.0000E+00
     1    69     1     2        0  0.0000E+00  0.7511E-04  0.0000E+00  0.0000E+00
     1    70     1     1        0  0.4260E-02  0.6350E+00  0.0000E+00  0.0000E+00
     1    70     1     2        0  0.0000E+00  0.5219E-04  0.0000E+00  0.0000E+00
     1    71     1     1        0  0.2779E-02  0.5850E+00  0.0000E+00  0.0000E+00
     1    71     1     2        0  0.0000E+00  0.3455E-04  0.0000E+00  0.0000E+00
     1    72     1     1        0  0.2940E-02  0.5235E+00  0.0000E+00  0.0000E+00
     1    72     1     2        0  0.0000E+00  0.2620E-04  0.0000E+00  0.0000E+00
     1    73     1     1        0  0.4461E-02  0.7105E+00  0.0000E+00  0.0000E+00
     1    73     1     2        0  0.0000E+00  0.3904E-04  0.0000E+00  0.0000E+00
     1    74     1     1        0  0.3864E-02  0.6993E+00  0.0000E+00  0.0000E+00
     1    74     1     2        0  0.0000E+00  0.4532E-04  0.0000E+00  0.0000E+00
     1    75     1     1        0  0.8551E-02  0.8511E+00  0.0000E+00  0.0000E+00
     1    75     1     2        0  0.0000E+00  0.9974E-04  0.0000E+00  0.0000E+00
     1    76     1     1        0  0.1011E-01  0.8509E+00  0.0000E+00  0.0000E+00
     1    76     1     2        0  0.0000E+00  0.1448E-03  0.0000E+00  0.0000E+00
     1    77     1     1        0  0.7430E-02  0.8060E+00  0.0000E+00  0.0000E+00
     1    77     1     2        0  0.0000E+00  0.1435E-03  0.0000E+00  0.0000E+00
     1    78     1     1        0  0.2447E-02  0.4958E+00  0.0000E+00  0.0000E+00
     1    78     1     2        0  0.0000E+00  0.2096E-04  0.0000E+00  0.0000E+00
     1    79     1     1        0  0.2592E-02  0.4249E+00  0.0000E+00  0.0000E+00
     1    79     1     2        0  0.0000E+00  0.2220E-04  0.0000E+00  0.0000E+00
     1    80     1     1        0  0.5419E-02  0.4993E+00  0.0000E+00  0.0000E+00
     1    80     1     2        0  0.0000E+00  0.2783E-04  0.0000E+00  0.0000E+00
     1    81     1     1        0  0.2671E-02  0.5150E+00  0.0000E+00  0.0000E+00
     1    81     1     2        0  0.0000E+00  0.4955E-04  0.0000E+00  0.0000E+00
     1    82     1     1        0  0.2723E-02  0.4753E+00  0.0000E+00  0.0000E+00
     1    82     1     2        0  0.0000E+00  0.3705E-04  0.0000E+00  0.0000E+00
     1    83     1     1        0  0.3398E-02  0.5636E+00  0.0000E+00  0.0000E+00
     1    83     1     2        0  0.0000E+00  0.5852E-04  0.0000E+00  0.0000E+00
     1    84     1     1        0  0.2113E-02  0.3739E+00  0.0000E+00  0.0000E+00
     1    84     1     2        0  0.0000E+00  0.3603E-04  0.0000E+00  0.0000E+00
     1    85     1     1        0  0.2309E-02  0.2976E+00  0.0000E+00  0.0000E+00
     1    85     1     2        0  0.0000E+00  0.2685E-04  0.0000E+00  0.0000E+00
     1    86     1     1        0  0.1887E-02  0.3130E+00  0.0000E+00  0.0000E+00
     1    86     1     2        0  0.0000E+00  0.1772E-04  0.0000E+00  0.0000E+00
     1    87     1     1        0  0.3145E-02  0.3765E+00  0.0000E+00  0.0000E+00
     1    87     1     2        0  0.0000E+00  0.1979E-04  0.0000E+00  0.0000E+00
     1    88     1     1        0  0.3724E-02  0.4706E+00  0.0000E+00  0.0000E+00
     1    88     1     2        0  0.0000E+00  0.3336E-04  0.0000E+00  0.0000E+00
     1    89     1     1        0  0.1516E-02  0.4447E+00  0.0000E+00  0.0000E+00
     1    89     1     2        0  0.0000E+00  0.1405E-04  0.0000E+00  0.0000E+00
     1    90     1     1        0  0.2196E-02  0.4250E+00  0.0000E+00  0.0000E+00
     1    90     1     2        0  0.0000E+00  0.1666E-04  0.0000E+00  0.0000E+00
     1    91     1     1        0  0.2400E-02  0.4684E+00  0.0000E+00  0.0000E+00
     1    91     1     2        0  0.0000E+00  0.1726E-04  0.0000E+00  0.0000E+00
     1    92     1     1        0  0.2990E-02  0.5364E+00  0.0000E+00  0.0000E+00
     1    92     1     2        0  0.0000E+00  0.2010E-04  0.0000E+00  0.0000E+00
     1    93     1     1        0  0.3848E-02  0.5995E+00  0.0000E+00  0.0000E+00
     1    93     1     2        0  0.0000E+00  0.1959E-04  0.0000E+00  0.0000E+00
     1    94     1     1        0  0.3135E-02  0.7212E+00  0.0000E+00  0.0000E+00
     1    94     1     2        0  0.0000E+00  0.3115E-04  0.0000E+00  0.0000E+00
     1    95     1     1        0  0.2626E-02  0.5889E+00  0.0000E+00  0.0000E+00
     1    95     1     2        0  0.0000E+00  0.1808E-04  0.0000E+00  0.0000E+00
     1    96     1     1        0  0.1655E-02  0.5487E+00  0.0000E+00  0.0000E+00
     1    96     1     2        0  0.0000E+00  0.1635E-04  0.0000E+00  0.0000E+00
     1    97     1     1        0  0.2488E-02  0.5247E+00  0.0000E+00  0.0000E+00
     1    97     1     2        0  0.0000E+00  0.1925E-04  0.0000E+00  0.0000E+00
     1    98     1     1        0  0.5135E-02  0.5974E+00  0.0000E+00  0.0000E+00
     1    98     1     2        0  0.0000E+00  0.3167E-04  0.0000E+00  0.0000E+00
     1    99     1     1        0  0.2161E-02  0.5009E+00  0.0000E+00  0.0000E+00
     1    99     1     2        0  0.0000E+00  0.3731E-04  0.0000E+00  0.0000E+00
     1   100     1     1        0  0.3173E-02  0.3905E+00  0.0000E+00  0.0000E+00
     1   100     1     2        0  0.0000E+00  0.3699E-04  0.0000E+00  0.0000E+00
     1   101     1     1        0  0.2314E-02  0.3812E+00  0.0000E+00  0.0000E+00
     1   101     1     2        0  0.0000E+00  0.1628E-04  0.0000E+00  0.0000E+00
     1   102     1     1        0  0.1525E-02  0.4627E+00  0.0000E+00  0.0000E+00
     1   102     1     2        0  0.0000E+00  0.2694E-04  0.0000E+00  0.0000E+00
     1   103     1     1        0  0.1681E-02  0.5170E+00  0.0000E+00  0.0000E+00
     1   103     1     2        0  0.0000E+00  0.2636E-04  0.0000E+00  0.0000E+00
     1   104     1     1        0  0.1593E-02  0.5703E+00  0.0000E+00  0.0000E+00
     1   104     1     2        0  0.0000E+00  0.1845E-04  0.0000E+00  0.0000E+00
     1   105     1     1        0  0.3600E-02  0.6803E+00  0.0000E+00  0.0000E+00
     1   105     1     2        0  0.0000E+00  0.2258E-04  0.0000E+00  0.0000E+00
     1   106     1     1        0  0.3464E-02  0.7721E+00  0.0000E+00  0.0000E+00
     1   106     1     2        0  0.0000E+00  0.4528E-04  0.0000E+00  0.0000E+00
     1   107     1     1        0  0.3208E-02  0.7218E+00  0.0000E+00  0.0000E+00
     1   107     1     2        0  0.0000E+00  0.3809E-04  0.0000E+00  0.0000E+00
     1   108     1     1        0  0.1471E-02  0.5445E+00  0.0000E+00  0.0000E+00
     1   108     1     2        0  0.0000E+00  0.1709E-04  0.0000E+00  0.0000E+00
     1   109     1     1        0  0.2522E-02  0.4450E+00  0.0000E+00  0.0000E+00
     1   109     1     2        0  0.0000E+00  0.1952E-04  0.0000E+00  0.0000E+00
     1   110     1     1        0  0.2459E-02  0.4820E+00  0.0000E+00  0.0000E+00
     1   110     1     2        0  0.0000E+00  0.2660E-04  0.0000E+00  0.0000E+00
     1   111     1     1        0  0.3601E-02  0.6736E+00  0.0000E+00  0.0000E+00
     1   111     1     2        0  0.0000E+00  0.5311E-04  0.0000E+00  0.0000E+00
     1   112     1     1        0  0.5702E-02  0.8138E+00  0.0000E+00  0.0000E+00
     1   112     1     2        0  0.0000E+00  0.1069E-03  0.0000E+00  0.0000E+00
     1   113     1     1        0  0.4132E-02  0.7100E+00  0.0000E+00  0.0000E+00
     1   113     1     2        0  0.0000E+00  0.9478E-04  0.0000E+00  0.0000E+00
     1   114     1     1        0  0.1745E-02  0.5068E+00  0.0000E+00  0.0000E+00
     1   114     1     2        0  0.0000E+00  0.2054E-04  0.0000E+00  0.0000E+00
     1   115     1     1        0  0.3701E-02  0.5003E+00  0.0000E+00  0.0000E+00
     1   115     1     2        0  0.0000E+00  0.6103E-04  0.0000E+00  0.0000E+00
     1   116     1     1        0  0.3734E-02  0.5832E+00  0.0000E+00  0.0000E+00
     1   116     1     2        0  0.0000E+00  0.5603E-04  0.0000E+00  0.0000E+00
     1   117     1     1        0  0.2029E-02  0.5463E+00  0.0000E+00  0.0000E+00
     1   117     1     2        0  0.0000E+00  0.3633E-04  0.0000E+00  0.0000E+00
     1   118     1     1        0  0.1734E-02  0.5367E+00  0.0000E+00  0.0000E+00
     1   118     1     2        0  0.0000E+00  0.2089E-04  0.0000E+00  0.0000E+00
     1   119     1     1        0  0.3682E-02  0.6474E+00  0.0000E+00  0.0000E+00
     1   119     1     2        0  0.0000E+00  0.7659E-04  0.0000E+00  0.0000E+00
     1   120     1     1        0  0.3543E-02  0.6483E+00  0.0000E+00  0.0000E+00
     1   120     1     2        0  0.0000E+00  0.8699E-04  0.0000E+00  0.0000E+00
     1   121     1     1        0  0.1672E-02  0.5406E+00  0.0000E+00  0.0000E+00
     1   121     1     2        0  0.0000E+00  0.2360E-04  0.0000E+00  0.0000E+00
     1   122     1     1        0  0.2549E-02  0.5454E+00  0.0000E+00  0.0000E+00
     1   122     1     2        0  0.0000E+00  0.5295E-04  0.0000E+00  0.0000E+00
     1   123     1     1        0  0.5167E-02  0.7610E+00  0.0000E+00  0.0000E+00
     1   123     1     2        0  0.0000E+00  0.7505E-04  0.0000E+00  0.0000E+00
     1   124     1     1        0  0.5788E-02  0.8749E+00  0.0000E+00  0.0000E+00
     1   124     1     2        0  0.0000E+00  0.8655E-04  0.0000E+00  0.0000E+00
     1   125     1     1        0  0.3929E-02  0.7892E+00  0.0000E+00  0.0000E+00
     1   125     1     2        0  0.0000E+00  0.6561E-04  0.0000E+00  0.0000E+00
     1   126     1     1        0  0.2370E-02  0.5807E+00  0.0000E+00  0.0000E+00
     1   126     1     2        0  0.0000E+00  0.2829E-04  0.0000E+00  0.0000E+00
     1   127     1     1        0  0.1749E-02  0.4341E+00  0.0000E+00  0.0000E+00
     1   127     1     2        0  0.0000E+00  0.2234E-04  0.0000E+00  0.0000E+00
     1   128     1     1        0  0.1600E-02  0.4561E+00  0.0000E+00  0.0000E+00
     1   128     1     2        0  0.0000E+00  0.2272E-04  0.0000E+00  0.0000E+00
     1   129     1     1        0  0.1415E-02  0.5841E+00  0.0000E+00  0.0000E+00
     1   129     1     2        0  0.0000E+00  0.2447E-04  0.0000E+00  0.0000E+00
     1   130     1     1        0  0.1615E-02  0.6799E+00  0.0000E+00  0.0000E+00
     1   130     1     2        0  0.0000E+00  0.2691E-04  0.0000E+00  0.0000E+00
     1   131     1     1        0  0.1137E-02  0.6672E+00  0.0000E+00  0.0000E+00
     1   131     1     2        0  0.0000E+00  0.1815E-04  0.0000E+00  0.0000E+00
     1   132     1     1        0  0.9853E-03  0.5629E+00  0.0000E+00  0.0000E+00
     1   132     1     2        0  0.0000E+00  0.1681E-04  0.0000E+00  0.0000E+00
     1   133     1     1        0  0.1159E-02  0.4102E+00  0.0000E+00  0.0000E+00
     1   133     1     2        0  0.0000E+00  0.1667E-04  0.0000E+00  0.0000E+00
     1   134     1     1        0  0.1636E-02  0.3278E+00  0.0000E+00  0.0000E+00
     1   134     1     2        0  0.0000E+00  0.2725E-04  0.0000E+00  0.0000E+00
     1   135     1     1        0  0.7690E-03  0.3084E+00  0.0000E+00  0.0000E+00
     1   135     1     2        0  0.0000E+00  0.1309E-04  0.0000E+00  0.0000E+00
     1   136     1     1        0  0.1179E-02  0.3443E+00  0.0000E+00  0.0000E+00
     1   136     1     2        0  0.0000E+00  0.1847E-04  0.0000E+00  0.0000E+00
     1   137     1     1        0  0.1242E-02  0.3474E+00  0.0000E+00  0.0000E+00
     1   137     1     2        0  0.0000E+00  0.2022E-04  0.0000E+00  0.0000E+00
     1   138     1     1        0  0.1761E-02  0.3518E+00  0.0000E+00  0.0000E+00
     1   138     1     2        0  0.0000E+00  0.1923E-04  0.0000E+00  0.0000E+00
     1   139     1     1        0  0.1097E-02  0.2970E+00  0.0000E+00  0.0000E+00
     1   139     1     2        0  0.0000E+00  0.1255E-04  0.0000E+00  0.0000E+00
     1   140     1     1        0  0.9469E-03  0.2388E+00  0.0000E+00  0.0000E+00
     1   140     1     2        0  0.0000E+00  0.1183E-04  0.0000E+00  0.0000E+00
     1   141     1     1        0  0.9468E-03  0.3557E+00  0.0000E+00  0.0000E+00
     1   141     1     2        0  0.0000E+00  0.1375E-04  0.0000E+00  0.0000E+00
     1   142     1     1        0  0.8686E-03  0.5273E+00  0.0000E+00  0.0000E+00
     1   142     1     2        0  0.0000E+00  0.1846E-04  0.0000E+00  0.0000E+00
     1   143     1     1        0  0.1607E-02  0.6474E+00  0.0000E+00  0.0000E+00
     1   143     1     2        0  0.0000E+00  0.3644E-04  0.0000E+00  0.0000E+00
     1   144     1     1        0  0.1856E-02  0.6473E+00  0.0000E+00  0.0000E+00
     1   144     1     2        0  0.0000E+00  0.3709E-04  0.0000E+00  0.0000E+00
     1   145     1     1        0  0.1070E-02  0.5191E+00  0.0000E+00  0.0000E+00
     1   145     1     2        0  0.0000E+00  0.1962E-04  0.0000E+00  0.0000E+00
     1   146     1     1        0  0.1239E-02  0.3694E+00  0.0000E+00  0.0000E+00
     1   146     1     2        0  0.0000E+00  0.2295E-04  0.0000E+00  0.0000E+00
     1   147     1     1        0  0.1062E-02  0.3473E+00  0.0000E+00  0.0000E+00
     1   147     1     2        0  0.0000E+00  0.1839E-04  0.0000E+00  0.0000E+00
     1   148     1     1        0  0.1159E-02  0.4447E+00  0.0000E+00  0.0000E+00
     1   148     1     2        0  0.0000E+00  0.2264E-04  0.0000E+00  0.0000E+00
     1   149     1     1        0  0.1104E-02  0.5110E+00  0.0000E+00  0.0000E+00
     1   149     1     2        0  0.0000E+00  0.1486E-04  0.0000E+00  0.0000E+00
     1   150     1     1        0  0.9538E-03  0.5292E+00  0.0000E+00  0.0000E+00
     1   150     1     2        0  0.0000E+00  0.1949E-04  0.0000E+00  0.0000E+00
     1   151     1     1        0  0.1445E-02  0.5165E+00  0.0000E+00  0.0000E+00
     1   151     1     2        0  0.0000E+00  0.3190E-04  0.0000E+00  0.0000E+00
     1   152     1     1        0  0.1181E-02  0.4703E+00  0.0000E+00  0.0000E+00
     1   152     1     2        0  0.0000E+00  0.2387E-04  0.0000E+00  0.0000E+00
     1   153     1     1        0  0.6887E-03  0.4509E+00  0.0000E+00  0.0000E+00
     1   153     1     2        0  0.0000E+00  0.1041E-04  0.0000E+00  0.0000E+00
     1   154     1     1        0  0.8678E-03  0.4685E+00  0.0000E+00  0.0000E+00
     1   154     1     2        0  0.0000E+00  0.1311E-04  0.0000E+00  0.0000E+00
     1   155     1     1        0  0.1272E-02  0.6053E+00  0.0000E+00  0.0000E+00
     1   155     1     2        0  0.0000E+00  0.2743E-04  0.0000E+00  0.0000E+00
     1   156     1     1        0  0.1479E-01  0.9645E+00  0.0000E+00  0.0000E+00
     1   156     1     2        0  0.0000E+00  0.2677E-03  0.0000E+00  0.0000E+00
