on a Linux machine, nodename kai-MS-7B05, release 5.0.0-29-generic, version #31~18.04.1-Ubuntu SMP Thu Sep 12 18:29:21 UTC 2019, machine x86_64 
parameters:3 arguments:2

pre_flap.fbd opened
 reading file
 #!/bin/bash
 #For the beam elements
 please wait for 'ready'
 ready
 please wait for 'ready'
 write abaqus data 
 file all.msh opened
 ready
 please wait for 'ready'
 write file: fix1.nam
 ready
 ready
 please wait for 'ready'
 write file: surface.nam
 ready
 ready
 # #rot z
 #rot r 50
 #rot u 50
 # Add thing here for the boundary condition
 # sys echo
 # quit
 # plus la all
 # plus pa all
 done 

